\BOOKMARK [1][-]{section.0.1}{Introduction}{}% 1
\BOOKMARK [1][-]{section.0.2}{Basics}{}% 2
\BOOKMARK [2][-]{subsection.0.2.1}{Abstraction of the Workspace}{section.0.2}% 3
\BOOKMARK [2][-]{subsection.0.2.2}{Linear Temporal Logic \(LTL\)}{section.0.2}% 4
\BOOKMARK [2][-]{subsection.0.2.3}{B\374chi Automata}{section.0.2}% 5
\BOOKMARK [2][-]{subsection.0.2.4}{Product Automata}{section.0.2}% 6
\BOOKMARK [2][-]{subsection.0.2.5}{Cost of a Run}{section.0.2}% 7
\BOOKMARK [1][-]{section.0.3}{Search Algorithms}{}% 8
\BOOKMARK [2][-]{subsection.0.3.1}{Accepted Algorithm}{section.0.3}% 9
\BOOKMARK [2][-]{subsection.0.3.2}{Our Algorithm}{section.0.3}% 10
\BOOKMARK [1][-]{section.0.4}{Algorithm Performance with Common Formulas}{}% 11
\BOOKMARK [2][-]{subsection.0.4.1}{Reachability while avoiding regions}{section.0.4}% 12
\BOOKMARK [2][-]{subsection.0.4.2}{Sequencing}{section.0.4}% 13
\BOOKMARK [2][-]{subsection.0.4.3}{Coverage}{section.0.4}% 14
\BOOKMARK [2][-]{subsection.0.4.4}{Recurrence \(Liveness\)}{section.0.4}% 15
\BOOKMARK [1][-]{section.0.5}{More Complex Formulas}{}% 16
\BOOKMARK [2][-]{subsection.0.5.1}{Example 1}{section.0.5}% 17
\BOOKMARK [2][-]{subsection.0.5.2}{Example 1 Overlapping Regions}{section.0.5}% 18
\BOOKMARK [2][-]{subsection.0.5.3}{Example 2}{section.0.5}% 19
\BOOKMARK [2][-]{subsection.0.5.4}{Example 2 Modified}{section.0.5}% 20
\BOOKMARK [2][-]{subsection.0.5.5}{Other Examples}{section.0.5}% 21
\BOOKMARK [1][-]{section.0.6}{Conclusion and Future Work}{}% 22
\BOOKMARK [1][-]{section.0.7}{Appendix}{}% 23
